2023-10-24 00:11:54 ERROR BaseMethod:152 - sendPost failedFor input string: "28.062"
2023-10-25 00:53:37 ERROR BaseMethod:157 - playedCount and code not equals
2023-10-25 00:54:43 ERROR BaseMethod:157 - playedCount and code not equals
2023-10-25 00:55:06 ERROR BaseMethod:157 - playedCount and code not equals
2023-10-25 00:56:12 ERROR BaseMethod:157 - playedCount and code not equals
2023-10-25 00:58:16 ERROR BaseMethod:157 - playedCount and code not equals
2023-10-25 01:07:26 INFO  BaseMethod:162 - playedCount and code equals.
2023-10-25 01:08:25 INFO  BaseMethod:162 - playedCount and code equals.
2023-10-25 02:07:28 INFO  BaseMethod:162 - playedCount and code equals.
2023-10-25 02:13:58 INFO  BaseMethod:162 - playedCount and code equals.
2023-10-25 02:14:05 ERROR BaseMethod:157 - An error occurred in loginUsersno such window: target window already closed
from unknown error: web view not found
  (Session info: chrome=118.0.5993.89)
Build info: version: '4.1.3', revision: '7b1ebf28ef'
System info: host: 'DESKTOP-E7O3GST', ip: '172.22.112.1', os.name: 'Windows 10', os.arch: 'amd64', os.version: '10.0', java.version: '1.8.0_291'
Driver info: org.openqa.selenium.chrome.ChromeDriver
Command: [a8c42b8a4b1800f80d964512dcffdb4d, findElement {using=css selector, value=input[data-test-id="header-username-input"]}]
Capabilities {acceptInsecureCerts: false, browserName: chrome, browserVersion: 118.0.5993.89, chrome: {chromedriverVersion: 118.0.5993.70 (e52f33f30b91..., userDataDir: C:\Users\volka\AppData\Loca...}, fedcm:accounts: true, goog:chromeOptions: {debuggerAddress: localhost:59624}, javascriptEnabled: true, networkConnectionEnabled: false, pageLoadStrategy: normal, platform: WINDOWS, platformName: WINDOWS, proxy: Proxy(), se:cdp: ws://localhost:59624/devtoo..., se:cdpVersion: 118.0.5993.89, setWindowRect: true, strictFileInteractability: false, timeouts: {implicit: 0, pageLoad: 300000, script: 30000}, unhandledPromptBehavior: dismiss and notify, webauthn:extension:credBlob: true, webauthn:extension:largeBlob: true, webauthn:extension:minPinLength: true, webauthn:extension:prf: true, webauthn:virtualAuthenticators: true}
Session ID: a8c42b8a4b1800f80d964512dcffdb4d
2023-10-25 02:17:08 ERROR BaseMethod:150 - NoSuchWindowException: no such window: target window already closed
from unknown error: web view not found
  (Session info: chrome=118.0.5993.89)
Build info: version: '4.1.3', revision: '7b1ebf28ef'
System info: host: 'DESKTOP-E7O3GST', ip: '172.22.112.1', os.name: 'Windows 10', os.arch: 'amd64', os.version: '10.0', java.version: '1.8.0_291'
Driver info: org.openqa.selenium.chrome.ChromeDriver
Command: [615c5b101d52a9e67d3e5cf7050edc6f, findElement {using=css selector, value=a[data-testid="header-hesabim-btn"]}]
Capabilities {acceptInsecureCerts: false, browserName: chrome, browserVersion: 118.0.5993.89, chrome: {chromedriverVersion: 118.0.5993.70 (e52f33f30b91..., userDataDir: C:\Users\volka\AppData\Loca...}, fedcm:accounts: true, goog:chromeOptions: {debuggerAddress: localhost:59940}, javascriptEnabled: true, networkConnectionEnabled: false, pageLoadStrategy: normal, platform: WINDOWS, platformName: WINDOWS, proxy: Proxy(), se:cdp: ws://localhost:59940/devtoo..., se:cdpVersion: 118.0.5993.89, setWindowRect: true, strictFileInteractability: false, timeouts: {implicit: 0, pageLoad: 300000, script: 30000}, unhandledPromptBehavior: dismiss and notify, webauthn:extension:credBlob: true, webauthn:extension:largeBlob: true, webauthn:extension:minPinLength: true, webauthn:extension:prf: true, webauthn:virtualAuthenticators: true}
Session ID: 615c5b101d52a9e67d3e5cf7050edc6f
2023-10-25 02:17:08 ERROR BaseMethod:157 - An error occurred in loginUsersno such window: target window already closed
from unknown error: web view not found
  (Session info: chrome=118.0.5993.89)
Build info: version: '4.1.3', revision: '7b1ebf28ef'
System info: host: 'DESKTOP-E7O3GST', ip: '172.22.112.1', os.name: 'Windows 10', os.arch: 'amd64', os.version: '10.0', java.version: '1.8.0_291'
Driver info: org.openqa.selenium.chrome.ChromeDriver
Command: [615c5b101d52a9e67d3e5cf7050edc6f, findElement {using=css selector, value=a[data-testid="header-hesabim-btn"]}]
Capabilities {acceptInsecureCerts: false, browserName: chrome, browserVersion: 118.0.5993.89, chrome: {chromedriverVersion: 118.0.5993.70 (e52f33f30b91..., userDataDir: C:\Users\volka\AppData\Loca...}, fedcm:accounts: true, goog:chromeOptions: {debuggerAddress: localhost:59940}, javascriptEnabled: true, networkConnectionEnabled: false, pageLoadStrategy: normal, platform: WINDOWS, platformName: WINDOWS, proxy: Proxy(), se:cdp: ws://localhost:59940/devtoo..., se:cdpVersion: 118.0.5993.89, setWindowRect: true, strictFileInteractability: false, timeouts: {implicit: 0, pageLoad: 300000, script: 30000}, unhandledPromptBehavior: dismiss and notify, webauthn:extension:credBlob: true, webauthn:extension:largeBlob: true, webauthn:extension:minPinLength: true, webauthn:extension:prf: true, webauthn:virtualAuthenticators: true}
Session ID: 615c5b101d52a9e67d3e5cf7050edc6f
2023-10-25 02:18:24 ERROR BaseMethod:157 - An error occurred in loginUsersno such window: target window already closed
from unknown error: web view not found
  (Session info: chrome=118.0.5993.89)
Build info: version: '4.1.3', revision: '7b1ebf28ef'
System info: host: 'DESKTOP-E7O3GST', ip: '172.22.112.1', os.name: 'Windows 10', os.arch: 'amd64', os.version: '10.0', java.version: '1.8.0_291'
Driver info: org.openqa.selenium.chrome.ChromeDriver
Command: [6f4fec9eb1fd2a77b5fac91af68c828f, findElement {using=css selector, value=input[data-test-id="header-username-input"]}]
Capabilities {acceptInsecureCerts: false, browserName: chrome, browserVersion: 118.0.5993.89, chrome: {chromedriverVersion: 118.0.5993.70 (e52f33f30b91..., userDataDir: C:\Users\volka\AppData\Loca...}, fedcm:accounts: true, goog:chromeOptions: {debuggerAddress: localhost:60127}, javascriptEnabled: true, networkConnectionEnabled: false, pageLoadStrategy: normal, platform: WINDOWS, platformName: WINDOWS, proxy: Proxy(), se:cdp: ws://localhost:60127/devtoo..., se:cdpVersion: 118.0.5993.89, setWindowRect: true, strictFileInteractability: false, timeouts: {implicit: 0, pageLoad: 300000, script: 30000}, unhandledPromptBehavior: dismiss and notify, webauthn:extension:credBlob: true, webauthn:extension:largeBlob: true, webauthn:extension:minPinLength: true, webauthn:extension:prf: true, webauthn:virtualAuthenticators: true}
Session ID: 6f4fec9eb1fd2a77b5fac91af68c828f
2023-10-25 02:18:37 ERROR BaseMethod:157 - An error occurred in loginUsersno such window: target window already closed
from unknown error: web view not found
  (Session info: chrome=118.0.5993.89)
Build info: version: '4.1.3', revision: '7b1ebf28ef'
System info: host: 'DESKTOP-E7O3GST', ip: '172.22.112.1', os.name: 'Windows 10', os.arch: 'amd64', os.version: '10.0', java.version: '1.8.0_291'
Driver info: org.openqa.selenium.chrome.ChromeDriver
Command: [dc7059686b05d456b6387c0e469f6a04, findElement {using=css selector, value=input[data-test-id="header-username-input"]}]
Capabilities {acceptInsecureCerts: false, browserName: chrome, browserVersion: 118.0.5993.89, chrome: {chromedriverVersion: 118.0.5993.70 (e52f33f30b91..., userDataDir: C:\Users\volka\AppData\Loca...}, fedcm:accounts: true, goog:chromeOptions: {debuggerAddress: localhost:60235}, javascriptEnabled: true, networkConnectionEnabled: false, pageLoadStrategy: normal, platform: WINDOWS, platformName: WINDOWS, proxy: Proxy(), se:cdp: ws://localhost:60235/devtoo..., se:cdpVersion: 118.0.5993.89, setWindowRect: true, strictFileInteractability: false, timeouts: {implicit: 0, pageLoad: 300000, script: 30000}, unhandledPromptBehavior: dismiss and notify, webauthn:extension:credBlob: true, webauthn:extension:largeBlob: true, webauthn:extension:minPinLength: true, webauthn:extension:prf: true, webauthn:virtualAuthenticators: true}
Session ID: dc7059686b05d456b6387c0e469f6a04
2023-10-25 02:18:40 ERROR BaseMethod:157 - An error occurred in loginUsersdisconnected: not connected to DevTools
  (failed to check if window was closed: disconnected: not connected to DevTools)
  (Session info: chrome=118.0.5993.89)
Build info: version: '4.1.3', revision: '7b1ebf28ef'
System info: host: 'DESKTOP-E7O3GST', ip: '172.22.112.1', os.name: 'Windows 10', os.arch: 'amd64', os.version: '10.0', java.version: '1.8.0_291'
Driver info: org.openqa.selenium.chrome.ChromeDriver
Command: [552f94e7c365ae81c9a196746ba7da09, findElement {using=css selector, value=input[data-test-id="header-username-input"]}]
Capabilities {acceptInsecureCerts: false, browserName: chrome, browserVersion: 118.0.5993.89, chrome: {chromedriverVersion: 118.0.5993.70 (e52f33f30b91..., userDataDir: C:\Users\volka\AppData\Loca...}, fedcm:accounts: true, goog:chromeOptions: {debuggerAddress: localhost:60272}, javascriptEnabled: true, networkConnectionEnabled: false, pageLoadStrategy: normal, platform: WINDOWS, platformName: WINDOWS, proxy: Proxy(), se:cdp: ws://localhost:60272/devtoo..., se:cdpVersion: 118.0.5993.89, setWindowRect: true, strictFileInteractability: false, timeouts: {implicit: 0, pageLoad: 300000, script: 30000}, unhandledPromptBehavior: dismiss and notify, webauthn:extension:credBlob: true, webauthn:extension:largeBlob: true, webauthn:extension:minPinLength: true, webauthn:extension:prf: true, webauthn:virtualAuthenticators: true}
Session ID: 552f94e7c365ae81c9a196746ba7da09
2023-10-25 02:20:58 ERROR BaseMethod:150 - NoSuchWindowException: no such window: target window already closed
from unknown error: web view not found
  (Session info: chrome=118.0.5993.89)
Build info: version: '4.1.3', revision: '7b1ebf28ef'
System info: host: 'DESKTOP-E7O3GST', ip: '172.22.112.1', os.name: 'Windows 10', os.arch: 'amd64', os.version: '10.0', java.version: '1.8.0_291'
Driver info: org.openqa.selenium.chrome.ChromeDriver
Command: [fbee4f567e0aa15a20bfc5846a6f915a, findElement {using=css selector, value=a[data-testid="header-hesabim-btn"]}]
Capabilities {acceptInsecureCerts: false, browserName: chrome, browserVersion: 118.0.5993.89, chrome: {chromedriverVersion: 118.0.5993.70 (e52f33f30b91..., userDataDir: C:\Users\volka\AppData\Loca...}, fedcm:accounts: true, goog:chromeOptions: {debuggerAddress: localhost:60578}, javascriptEnabled: true, networkConnectionEnabled: false, pageLoadStrategy: normal, platform: WINDOWS, platformName: WINDOWS, proxy: Proxy(), se:cdp: ws://localhost:60578/devtoo..., se:cdpVersion: 118.0.5993.89, setWindowRect: true, strictFileInteractability: false, timeouts: {implicit: 0, pageLoad: 300000, script: 30000}, unhandledPromptBehavior: dismiss and notify, webauthn:extension:credBlob: true, webauthn:extension:largeBlob: true, webauthn:extension:minPinLength: true, webauthn:extension:prf: true, webauthn:virtualAuthenticators: true}
Session ID: fbee4f567e0aa15a20bfc5846a6f915a
2023-10-25 02:20:58 ERROR BaseMethod:157 - An error occurred in loginUsersno such window: target window already closed
from unknown error: web view not found
  (Session info: chrome=118.0.5993.89)
Build info: version: '4.1.3', revision: '7b1ebf28ef'
System info: host: 'DESKTOP-E7O3GST', ip: '172.22.112.1', os.name: 'Windows 10', os.arch: 'amd64', os.version: '10.0', java.version: '1.8.0_291'
Driver info: org.openqa.selenium.chrome.ChromeDriver
Command: [fbee4f567e0aa15a20bfc5846a6f915a, findElement {using=css selector, value=a[data-testid="header-hesabim-btn"]}]
Capabilities {acceptInsecureCerts: false, browserName: chrome, browserVersion: 118.0.5993.89, chrome: {chromedriverVersion: 118.0.5993.70 (e52f33f30b91..., userDataDir: C:\Users\volka\AppData\Loca...}, fedcm:accounts: true, goog:chromeOptions: {debuggerAddress: localhost:60578}, javascriptEnabled: true, networkConnectionEnabled: false, pageLoadStrategy: normal, platform: WINDOWS, platformName: WINDOWS, proxy: Proxy(), se:cdp: ws://localhost:60578/devtoo..., se:cdpVersion: 118.0.5993.89, setWindowRect: true, strictFileInteractability: false, timeouts: {implicit: 0, pageLoad: 300000, script: 30000}, unhandledPromptBehavior: dismiss and notify, webauthn:extension:credBlob: true, webauthn:extension:largeBlob: true, webauthn:extension:minPinLength: true, webauthn:extension:prf: true, webauthn:virtualAuthenticators: true}
Session ID: fbee4f567e0aa15a20bfc5846a6f915a
2023-10-25 02:23:23 INFO  BaseMethod:162 - playedCount and code equals.
2023-10-25 02:23:24 ERROR BaseMethod:157 - Editors  page not open
2023-10-25 02:25:30 ERROR BaseMethod:157 - Editors  page not open
2023-10-25 02:26:16 INFO  BaseMethod:162 - playedCount and code equals.
2023-10-25 02:42:48 INFO  BaseMethod:162 - playedCount and code equals.
2023-10-25 02:48:59 ERROR BaseMethod:157 - playedCount and code not equals
2023-10-25 02:56:18 INFO  BaseMethod:162 - playedCount and code equals.
